<?xml version="1.0" encoding="UTF-8"?>
<!-- Generated by org.testng.reporters.JUnitXMLReporter -->
<testsuite ignored="0" hostname="DESKTOP-P309ICG" failures="0" tests="2" name="Test runner 2" time="165.875" errors="0" timestamp="2022-01-29T20:56:58 IST">
  <testcase classname="vtiger.com.create.contact.Test.CreatenewContactNew" name="createcontactTest" time="38.357"/>
  <testcase classname="vtiger.com.create.contact.Test.CreatenewContactNew" name="orgWithContactTest" time="41.3"/>
</testsuite> <!-- Test runner 2 -->
