<?xml version="1.0" encoding="UTF-8"?>
<!-- Generated by org.testng.reporters.JUnitXMLReporter -->
<testsuite ignored="2" hostname="DESKTOP-P309ICG" failures="0" tests="4" name="Test runner chrome" time="155.065" errors="0" timestamp="2022-01-29T21:10:34 IST">
  <testcase classname="vtiger.com.create.organition.Test.CreateOrganizationNew" name="createOrgTest" time="22.872"/>
  <testcase classname="vtiger.com.create.organition.Test.CreateOrganizationNew" name="createoeganwithIndEducationTest" time="21.514"/>
  <testcase classname="vtiger.com.create.contact.Test.CreatenewContactNew" name="createcontactTest" time="22.866"/>
  <testcase classname="vtiger.com.create.contact.Test.CreatenewContactNew" name="orgWithContactTest" time="34.76"/>
  <testcase classname="genericutility.BaseClass" name="@AfterSuite configAS" time="0.0">
    <ignored/>
  </testcase> <!-- @AfterSuite configAS -->
  <testcase classname="genericutility.BaseClass" name="@BeforeSuite configBS" time="0.0">
    <ignored/>
  </testcase> <!-- @BeforeSuite configBS -->
</testsuite> <!-- Test runner chrome -->
