<?xml version="1.0" encoding="UTF-8"?>
<!-- Generated by org.testng.reporters.JUnitXMLReporter -->
<testsuite ignored="4" hostname="DESKTOP-P309ICG" failures="0" tests="2" name="Test1" time="58.921" errors="0" timestamp="2022-01-22T00:03:04 IST">
  <testcase classname="vtiger.com.create.organition.Test.CreateOrganizationNew" name="createoeganwithIndEducationTest" time="11.643"/>
  <testcase classname="vtiger.com.create.organition.Test.CreatenewContactNew" name="orgWithContactTest" time="25.266"/>
  <testcase classname="vtiger.com.create.organition.Test.CreateOrganizationNew" name="createOrgTest" time="0.0">
    <ignored/>
  </testcase> <!-- createOrgTest -->
  <testcase classname="genericutility.BaseClass" name="@AfterSuite configAS" time="0.0">
    <ignored/>
  </testcase> <!-- @AfterSuite configAS -->
  <testcase classname="vtiger.com.create.organition.Test.CreatenewContactNew" name="createcontactTest" time="0.0">
    <ignored/>
  </testcase> <!-- createcontactTest -->
  <testcase classname="genericutility.BaseClass" name="@BeforeSuite configBS" time="0.0">
    <ignored/>
  </testcase> <!-- @BeforeSuite configBS -->
</testsuite> <!-- Test1 -->
