<?xml version="1.0" encoding="UTF-8"?>
<!-- Generated by org.testng.reporters.JUnitXMLReporter -->
<testsuite ignored="3" hostname="DESKTOP-P309ICG" failures="1" tests="1" name="Test2" time="1.502" errors="0" timestamp="2022-01-21T23:54:52 IST">
  <testcase classname="vtiger.com.create.organition.Test.CreateOrganizationNew" name="createoeganwithIndEducationTest" time="1.433">
    <failure type="java.lang.NullPointerException" message="Cannot invoke &amp;quot;org.openqa.selenium.SearchContext.findElement(org.openqa.selenium.By)&amp;quot; because &amp;quot;this.searchContext&amp;quot; is null">
      <![CDATA[java.lang.NullPointerException: Cannot invoke "org.openqa.selenium.SearchContext.findElement(org.openqa.selenium.By)" because "this.searchContext" is null
at org.openqa.selenium.support.pagefactory.DefaultElementLocator.findElement(DefaultElementLocator.java:69)
at org.openqa.selenium.support.pagefactory.internal.LocatingElementHandler.invoke(LocatingElementHandler.java:38)
at jdk.proxy2/jdk.proxy2.$Proxy16.click(Unknown Source)
at vtiger.com.create.organition.Test.CreateOrganizationNew.createoeganwithIndEducationTest(CreateOrganizationNew.java:63)
at java.base/java.util.ArrayList.forEach(ArrayList.java:1511)
... Removed 27 stack frames]]>
    </failure>
  </testcase> <!-- createoeganwithIndEducationTest -->
  <testcase classname="vtiger.com.create.organition.Test.CreateOrganizationNew" name="createOrgTest" time="0.0">
    <ignored/>
  </testcase> <!-- createOrgTest -->
  <testcase classname="vtiger.com.create.organition.Test.CreatenewContactNew" name="createcontactTest" time="0.0">
    <ignored/>
  </testcase> <!-- createcontactTest -->
  <testcase classname="vtiger.com.create.organition.Test.CreatenewContactNew" name="orgWithContactTest" time="0.0">
    <ignored/>
  </testcase> <!-- orgWithContactTest -->
</testsuite> <!-- Test2 -->
