<?xml version="1.0" encoding="UTF-8"?>
<!-- Generated by org.testng.reporters.JUnitXMLReporter -->
<testsuite ignored="2" hostname="DESKTOP-P309ICG" failures="0" tests="4" name="Test" time="94.618" errors="0" timestamp="2022-02-01T16:52:08 IST">
  <testcase classname="vtiger.com.create.organition.Test.CreateOrganizationNew" name="createOrgTest" time="13.274"/>
  <testcase classname="vtiger.com.create.organition.Test.CreateOrganizationNew" name="createoeganwithIndEducationTest" time="11.243"/>
  <testcase classname="vtiger.com.create.contact.Test.CreatenewContactNew" name="createcontactTest" time="13.922"/>
  <testcase classname="vtiger.com.create.contact.Test.CreatenewContactNew" name="orgWithContactTest" time="24.89"/>
  <testcase classname="genericutility.BaseClass" name="@AfterSuite configAS" time="0.0">
    <ignored/>
  </testcase> <!-- @AfterSuite configAS -->
  <testcase classname="genericutility.BaseClass" name="@BeforeSuite configBS" time="0.0">
    <ignored/>
  </testcase> <!-- @BeforeSuite configBS -->
</testsuite> <!-- Test -->
