<?xml version="1.0" encoding="UTF-8"?>
<!-- Generated by org.testng.reporters.JUnitXMLReporter -->
<testsuite ignored="2" hostname="DESKTOP-P309ICG" failures="0" tests="4" name="Test" time="97.536" errors="0" timestamp="2022-02-01T17:01:03 IST">
  <testcase classname="vtiger.com.create.organition.Test.CreateOrganizationNew" name="createOrgTest" time="15.477"/>
  <testcase classname="vtiger.com.create.organition.Test.CreateOrganizationNew" name="createoeganwithIndEducationTest" time="10.656"/>
  <testcase classname="vtiger.com.create.contact.Test.CreatenewContactNew" name="createcontactTest" time="14.46"/>
  <testcase classname="vtiger.com.create.contact.Test.CreatenewContactNew" name="orgWithContactTest" time="24.809"/>
  <testcase classname="genericutility.BaseClass" name="@AfterSuite configAS" time="0.0">
    <ignored/>
  </testcase> <!-- @AfterSuite configAS -->
  <testcase classname="genericutility.BaseClass" name="@BeforeSuite configBS" time="0.0">
    <ignored/>
  </testcase> <!-- @BeforeSuite configBS -->
</testsuite> <!-- Test -->
