<?xml version="1.0" encoding="UTF-8"?>
<testsuite name="TestSuite" time="65.362" tests="4" errors="0" skipped="0" failures="0">
  <properties>
[...]
</properties>
  <testcase name="createOrgTest" classname="vtiger.com.create.organition.Test.CreateOrganizationNew" time="15.479"/>
  <testcase name="createoeganwithIndEducationTest" classname="vtiger.com.create.organition.Test.CreateOrganizationNew" time="10.612"/>
  <testcase name="createcontactTest" classname="vtiger.com.create.contact.Test.CreatenewContactNew" time="14.461"/>
  <testcase name="orgWithContactTest" classname="vtiger.com.create.contact.Test.CreatenewContactNew" time="24.81"/>
</testsuite>