<?xml version="1.0" encoding="UTF-8"?>
<testng-results ignored="2" total="6" passed="4" failed="0" skipped="0">
  <reporter-output>
  </reporter-output>
  <suite started-at="2022-02-01T16:50:33 IST" name="Suite" finished-at="2022-02-01T16:52:08 IST" duration-ms="94618">
    <groups>
      <group name="Smoke test">
        <method signature="CreateOrganizationNew.createOrgTest()[pri:0, instance:vtiger.com.create.organition.Test.CreateOrganizationNew@5562c41e]" name="createOrgTest" class="vtiger.com.create.organition.Test.CreateOrganizationNew"/>
        <method signature="CreatenewContactNew.createcontactTest()[pri:0, instance:vtiger.com.create.contact.Test.CreatenewContactNew@7fee8714]" name="createcontactTest" class="vtiger.com.create.contact.Test.CreatenewContactNew"/>
      </group> <!-- Smoke test -->
      <group name="regression test">
        <method signature="CreateOrganizationNew.createoeganwithIndEducationTest()[pri:0, instance:vtiger.com.create.organition.Test.CreateOrganizationNew@5562c41e]" name="createoeganwithIndEducationTest" class="vtiger.com.create.organition.Test.CreateOrganizationNew"/>
        <method signature="CreatenewContactNew.orgWithContactTest()[pri:0, instance:vtiger.com.create.contact.Test.CreatenewContactNew@7fee8714]" name="orgWithContactTest" class="vtiger.com.create.contact.Test.CreatenewContactNew"/>
      </group> <!-- regression test -->
    </groups>
    <test started-at="2022-02-01T16:50:33 IST" name="Test" finished-at="2022-02-01T16:52:08 IST" duration-ms="94618">
      <class name="vtiger.com.create.contact.Test.CreatenewContactNew">
        <test-method is-config="true" signature="configBC()[pri:0, instance:vtiger.com.create.contact.Test.CreatenewContactNew@7fee8714]" started-at="2022-02-01T16:51:15 IST" name="configBC" finished-at="2022-02-01T16:51:19 IST" duration-ms="4418" status="PASS">
          <reporter-output>
          </reporter-output>
        </test-method> <!-- configBC -->
        <test-method is-config="true" signature="configBM()[pri:0, instance:vtiger.com.create.contact.Test.CreatenewContactNew@7fee8714]" started-at="2022-02-01T16:51:19 IST" name="configBM" finished-at="2022-02-01T16:51:23 IST" duration-ms="3458" status="PASS">
          <reporter-output>
          </reporter-output>
        </test-method> <!-- configBM -->
        <test-method signature="createcontactTest()[pri:0, instance:vtiger.com.create.contact.Test.CreatenewContactNew@7fee8714]" started-at="2022-02-01T16:51:23 IST" name="createcontactTest" finished-at="2022-02-01T16:51:36 IST" duration-ms="13922" status="PASS">
          <reporter-output>
          </reporter-output>
        </test-method> <!-- createcontactTest -->
        <test-method is-config="true" signature="configAM()[pri:0, instance:vtiger.com.create.contact.Test.CreatenewContactNew@7fee8714]" started-at="2022-02-01T16:51:36 IST" name="configAM" finished-at="2022-02-01T16:51:38 IST" duration-ms="1783" status="PASS">
          <reporter-output>
          </reporter-output>
        </test-method> <!-- configAM -->
        <test-method is-config="true" signature="configBM()[pri:0, instance:vtiger.com.create.contact.Test.CreatenewContactNew@7fee8714]" started-at="2022-02-01T16:51:38 IST" name="configBM" finished-at="2022-02-01T16:51:41 IST" duration-ms="2873" status="PASS">
          <reporter-output>
          </reporter-output>
        </test-method> <!-- configBM -->
        <test-method signature="orgWithContactTest()[pri:0, instance:vtiger.com.create.contact.Test.CreatenewContactNew@7fee8714]" started-at="2022-02-01T16:51:41 IST" name="orgWithContactTest" finished-at="2022-02-01T16:52:06 IST" duration-ms="24890" status="PASS">
          <reporter-output>
          </reporter-output>
        </test-method> <!-- orgWithContactTest -->
        <test-method is-config="true" signature="configAM()[pri:0, instance:vtiger.com.create.contact.Test.CreatenewContactNew@7fee8714]" started-at="2022-02-01T16:52:06 IST" name="configAM" finished-at="2022-02-01T16:52:08 IST" duration-ms="1570" status="PASS">
          <reporter-output>
          </reporter-output>
        </test-method> <!-- configAM -->
        <test-method is-config="true" signature="configAC()[pri:0, instance:vtiger.com.create.contact.Test.CreatenewContactNew@7fee8714]" started-at="2022-02-01T16:52:08 IST" name="configAC" finished-at="2022-02-01T16:52:08 IST" duration-ms="317" status="PASS">
          <reporter-output>
          </reporter-output>
        </test-method> <!-- configAC -->
      </class> <!-- vtiger.com.create.contact.Test.CreatenewContactNew -->
      <class name="vtiger.com.create.organition.Test.CreateOrganizationNew">
        <test-method is-config="true" signature="configBS()[pri:0, instance:vtiger.com.create.organition.Test.CreateOrganizationNew@5562c41e]" started-at="2022-02-01T16:50:33 IST" name="configBS" finished-at="2022-02-01T16:50:33 IST" duration-ms="15" status="PASS">
          <reporter-output>
          </reporter-output>
        </test-method> <!-- configBS -->
        <test-method is-config="true" signature="configBC()[pri:0, instance:vtiger.com.create.organition.Test.CreateOrganizationNew@5562c41e]" started-at="2022-02-01T16:50:33 IST" name="configBC" finished-at="2022-02-01T16:50:38 IST" duration-ms="4790" status="PASS">
          <reporter-output>
          </reporter-output>
        </test-method> <!-- configBC -->
        <test-method is-config="true" signature="configBM()[pri:0, instance:vtiger.com.create.organition.Test.CreateOrganizationNew@5562c41e]" started-at="2022-02-01T16:50:38 IST" name="configBM" finished-at="2022-02-01T16:50:42 IST" duration-ms="3550" status="PASS">
          <reporter-output>
          </reporter-output>
        </test-method> <!-- configBM -->
        <test-method signature="createOrgTest()[pri:0, instance:vtiger.com.create.organition.Test.CreateOrganizationNew@5562c41e]" started-at="2022-02-01T16:50:42 IST" name="createOrgTest" finished-at="2022-02-01T16:50:55 IST" duration-ms="13274" status="PASS">
          <reporter-output>
          </reporter-output>
        </test-method> <!-- createOrgTest -->
        <test-method is-config="true" signature="configAM()[pri:0, instance:vtiger.com.create.organition.Test.CreateOrganizationNew@5562c41e]" started-at="2022-02-01T16:50:55 IST" name="configAM" finished-at="2022-02-01T16:50:56 IST" duration-ms="1501" status="PASS">
          <reporter-output>
          </reporter-output>
        </test-method> <!-- configAM -->
        <test-method is-config="true" signature="configBM()[pri:0, instance:vtiger.com.create.organition.Test.CreateOrganizationNew@5562c41e]" started-at="2022-02-01T16:50:56 IST" name="configBM" finished-at="2022-02-01T16:50:59 IST" duration-ms="2598" status="PASS">
          <reporter-output>
          </reporter-output>
        </test-method> <!-- configBM -->
        <test-method signature="createoeganwithIndEducationTest()[pri:0, instance:vtiger.com.create.organition.Test.CreateOrganizationNew@5562c41e]" started-at="2022-02-01T16:50:59 IST" name="createoeganwithIndEducationTest" finished-at="2022-02-01T16:51:10 IST" duration-ms="11243" status="PASS">
          <reporter-output>
          </reporter-output>
        </test-method> <!-- createoeganwithIndEducationTest -->
        <test-method is-config="true" signature="configAM()[pri:0, instance:vtiger.com.create.organition.Test.CreateOrganizationNew@5562c41e]" started-at="2022-02-01T16:51:10 IST" name="configAM" finished-at="2022-02-01T16:51:14 IST" duration-ms="4034" status="PASS">
          <reporter-output>
          </reporter-output>
        </test-method> <!-- configAM -->
        <test-method is-config="true" signature="configAC()[pri:0, instance:vtiger.com.create.organition.Test.CreateOrganizationNew@5562c41e]" started-at="2022-02-01T16:51:14 IST" name="configAC" finished-at="2022-02-01T16:51:15 IST" duration-ms="302" status="PASS">
          <reporter-output>
          </reporter-output>
        </test-method> <!-- configAC -->
        <test-method is-config="true" signature="configAS()[pri:0, instance:vtiger.com.create.organition.Test.CreateOrganizationNew@5562c41e]" started-at="2022-02-01T16:52:08 IST" name="configAS" finished-at="2022-02-01T16:52:08 IST" duration-ms="1" status="PASS">
          <reporter-output>
          </reporter-output>
        </test-method> <!-- configAS -->
      </class> <!-- vtiger.com.create.organition.Test.CreateOrganizationNew -->
    </test> <!-- Test -->
  </suite> <!-- Suite -->
</testng-results>
